

******COMB USB LSB STARTED******

('fits/1504+104_GMRT325_20100118_RRLL_USB_3C286P.UVFITS', 'fits/1504+104_GMRT325_20100118_RRLL_LSB_3C286P.UVFITS', 'fits/1504+104_GMRT325_20100118_RRLL_COMB_3C286P.UVFITS')
*** calling AIPSTask FITLD
FITLD4: ZOPEN: AC FILES ON DISK  1 NOT ALLOWED FOR USER    0
FITLD4: ACCOUNT: OPEN ERROR      2
FITLD4: Task FITLD  (release of 31DEC13) begins
FITLD4: ZOPEN: TC FILES ON DISK  1 NOT ALLOWED FOR USER    0
FITLD4: GTTELL: ERROR      2 OPENING TELL COMMUNICATION FILE
FITLD4: Found 1504+104 observed on 18-JAN-2010
FITLD4: CATOPN: ACCESS DENIED TO DISK  1 FOR USER    0
FITLD4: UVCREA: UV1         .UV    . 100 PROHIBITED ON DISK  1
FITLD4: ERROR      1 RETURNED FROM UVFHDR
FITLD4: Purports to die of UNNATURAL causes
FITLD4: ZOPEN: TC FILES ON DISK  1 NOT ALLOWED FOR USER    0
FITLD4: GTTELL: ERROR      2 OPENING TELL COMMUNICATION FILE
FITLD4: ZOPEN: AC FILES ON DISK  1 NOT ALLOWED FOR USER    0
FITLD4: ACCOUNT: OPEN ERROR      2
FITLD4: ZOPEN: TD FILES ON DISK  1 NOT ALLOWED FOR USER    0
FITLD4: FAILS TO SEND RETURN CODE TO POPS  4 IO ERROR    2
*** calling AIPSTask FITLD (RETRY 1)
FITLD7: ZOPEN: AC FILES ON DISK  1 NOT ALLOWED FOR USER    0
FITLD7: ACCOUNT: OPEN ERROR      2
FITLD7: Task FITLD  (release of 31DEC13) begins
FITLD7: ZOPEN: TC FILES ON DISK  1 NOT ALLOWED FOR USER    0
FITLD7: GTTELL: ERROR      2 OPENING TELL COMMUNICATION FILE
FITLD7: Found 1504+104 observed on 18-JAN-2010
FITLD7: CATOPN: ACCESS DENIED TO DISK  1 FOR USER    0
FITLD7: UVCREA: UV1         .UV    . 100 PROHIBITED ON DISK  1
FITLD7: ERROR      1 RETURNED FROM UVFHDR
FITLD7: Purports to die of UNNATURAL causes
FITLD7: ZOPEN: TC FILES ON DISK  1 NOT ALLOWED FOR USER    0
FITLD7: GTTELL: ERROR      2 OPENING TELL COMMUNICATION FILE
FITLD7: ZOPEN: AC FILES ON DISK  1 NOT ALLOWED FOR USER    0
FITLD7: ACCOUNT: OPEN ERROR      2
FITLD7: ZOPEN: TD FILES ON DISK  1 NOT ALLOWED FOR USER    0
FITLD7: FAILS TO SEND RETURN CODE TO POPS  7 IO ERROR    2
*** calling AIPSTask FITLD (RETRY 2)
FITLDG: ZOPEN: AC FILES ON DISK  1 NOT ALLOWED FOR USER    0
FITLDG: ACCOUNT: OPEN ERROR      2
FITLDG: Task FITLD  (release of 31DEC13) begins
FITLDG: ZOPEN: TC FILES ON DISK  1 NOT ALLOWED FOR USER    0
FITLDG: GTTELL: ERROR      2 OPENING TELL COMMUNICATION FILE
FITLDG: Found 1504+104 observed on 18-JAN-2010
FITLDG: CATOPN: ACCESS DENIED TO DISK  1 FOR USER    0
FITLDG: UVCREA: UV1         .UV    . 100 PROHIBITED ON DISK  1
FITLDG: ERROR      1 RETURNED FROM UVFHDR
FITLDG: Purports to die of UNNATURAL causes
FITLDG: ZOPEN: TC FILES ON DISK  1 NOT ALLOWED FOR USER    0
FITLDG: GTTELL: ERROR      2 OPENING TELL COMMUNICATION FILE
FITLDG: ZOPEN: AC FILES ON DISK  1 NOT ALLOWED FOR USER    0
FITLDG: ACCOUNT: OPEN ERROR      2
FITLDG: ZOPEN: TD FILES ON DISK  1 NOT ALLOWED FOR USER    0
FITLDG: FAILS TO SEND RETURN CODE TO POPS 16 IO ERROR    2
*** calling AIPSTask FITLD (RETRY 3, FINAL)
FITLD2: ZOPEN: AC FILES ON DISK  1 NOT ALLOWED FOR USER    0
FITLD2: ACCOUNT: OPEN ERROR      2
FITLD2: Task FITLD  (release of 31DEC13) begins
FITLD2: ZOPEN: TC FILES ON DISK  1 NOT ALLOWED FOR USER    0
FITLD2: GTTELL: ERROR      2 OPENING TELL COMMUNICATION FILE
FITLD2: Found 1504+104 observed on 18-JAN-2010
FITLD2: CATOPN: ACCESS DENIED TO DISK  1 FOR USER    0
FITLD2: UVCREA: UV1         .UV    . 100 PROHIBITED ON DISK  1
FITLD2: ERROR      1 RETURNED FROM UVFHDR
FITLD2: Purports to die of UNNATURAL causes
FITLD2: ZOPEN: TC FILES ON DISK  1 NOT ALLOWED FOR USER    0
FITLD2: GTTELL: ERROR      2 OPENING TELL COMMUNICATION FILE
FITLD2: ZOPEN: AC FILES ON DISK  1 NOT ALLOWED FOR USER    0
FITLD2: ACCOUNT: OPEN ERROR      2
FITLD2: ZOPEN: TD FILES ON DISK  1 NOT ALLOWED FOR USER    0
FITLD2: FAILS TO SEND RETURN CODE TO POPS  2 IO ERROR    2
